14:30:13,879 INFO  [org.jboss.modules] JBoss Modules version 1.1.1.GA
14:30:14,515 INFO  [org.jboss.msc] JBoss MSC version 1.0.2.GA
14:30:14,717 INFO  [org.jboss.as] JBAS015899: JBoss AS 7.1.0.Final "Thunder" starting
14:30:14,726 DEBUG [org.jboss.as.config] Configured system properties:
	awt.toolkit = sun.awt.windows.WToolkit
	file.encoding = Cp1252
	file.encoding.pkg = sun.io
	file.separator = \
	java.awt.graphicsenv = sun.awt.Win32GraphicsEnvironment
	java.awt.headless = true
	java.awt.printerjob = sun.awt.windows.WPrinterJob
	java.class.path = C:\Users\Dell\jboss-as-7.1.0.Final\jboss-modules.jar
	java.class.version = 51.0
	java.endorsed.dirs = C:\Program Files\Java\jdk1.7\jre\lib\endorsed
	java.ext.dirs = C:\Program Files\Java\jdk1.7\jre\lib\ext;C:\Windows\Sun\Java\lib\ext
	java.home = C:\Program Files\Java\jdk1.7\jre
	java.io.tmpdir = C:\Users\Dell\AppData\Local\Temp\
	java.library.path = C:\Program Files\Java\jdk1.7\bin;C:\Windows\Sun\Java\bin;C:\Windows\system32;C:\Windows;C:\Program Files\Java\jdk1.7\jre\bin;native;C:/Program Files/Java/jre1.8.0_111/bin/server;C:/Program Files/Java/jre1.8.0_111/bin;C:/Program Files/Java/jre1.8.0_111/lib/amd64;C:\ProgramData\Oracle\Java\javapath;C:\Program Files\Java\jdk1.8.0_65\bin;C:\apache-maven-3.3.9\bin;C:\Program Files (x86)\nodejs\;C:\Program Files\TortoiseGit\bin;C:\Program Files (x86)\Heroku\bin;C:\Program Files\cURL\bin;C:\Users\Dell\.gradle\wrapper\dists\gradle-2.13-bin\4xsgxlfjcxvrea7akf941nvc7\gradle-2.13\bin;C:\WINDOWS\system32;C:\Program Files (x86)\Skype\Phone\;C:\Program Files\MongoDB\Server\3.4\bin;C:\Ruby22-x64\bin;C:\Users\Dell\AppData\Roaming\npm;C:\Users\Dell\Desktop;;.
	java.net.preferIPv4Stack = true
	java.runtime.name = Java(TM) SE Runtime Environment
	java.runtime.version = 1.7.0_79-b15
	java.specification.name = Java Platform API Specification
	java.specification.vendor = Oracle Corporation
	java.specification.version = 1.7
	java.util.logging.manager = org.jboss.logmanager.LogManager
	java.vendor = Oracle Corporation
	java.vendor.url = http://java.oracle.com/
	java.vendor.url.bug = http://bugreport.sun.com/bugreport/
	java.version = 1.7.0_79
	java.vm.info = mixed mode
	java.vm.name = Java HotSpot(TM) Server VM
	java.vm.specification.name = Java Virtual Machine Specification
	java.vm.specification.vendor = Oracle Corporation
	java.vm.specification.version = 1.7
	java.vm.vendor = Oracle Corporation
	java.vm.version = 24.79-b02
	javax.management.builder.initial = org.jboss.as.jmx.PluggableMBeanServerBuilder
	javax.xml.datatype.DatatypeFactory = __redirected.__DatatypeFactory
	javax.xml.parsers.DocumentBuilderFactory = __redirected.__DocumentBuilderFactory
	javax.xml.parsers.SAXParserFactory = __redirected.__SAXParserFactory
	javax.xml.stream.XMLEventFactory = __redirected.__XMLEventFactory
	javax.xml.stream.XMLInputFactory = __redirected.__XMLInputFactory
	javax.xml.stream.XMLOutputFactory = __redirected.__XMLOutputFactory
	javax.xml.transform.TransformerFactory = __redirected.__TransformerFactory
	javax.xml.validation.SchemaFactory:http://www.w3.org/2001/XMLSchema = __redirected.__SchemaFactory
	javax.xml.xpath.XPathFactory:http://java.sun.com/jaxp/xpath/dom = __redirected.__XPathFactory
	jboss.bind.address = localhost
	jboss.bind.address.management = localhost
	jboss.home.dir = C:\Users\Dell\jboss-as-7.1.0.Final
	jboss.host.name = dell-pc
	jboss.modules.dir = C:\Users\Dell\jboss-as-7.1.0.Final\modules
	jboss.modules.system.pkgs = org.jboss.byteman
	jboss.node.name = dell-pc
	jboss.qualified.host.name = dell-pc
	jboss.server.base.dir = C:\Users\Dell\jboss-as-7.1.0.Final\standalone
	jboss.server.config.dir = C:\Users\Dell\jboss-as-7.1.0.Final\standalone\configuration
	jboss.server.data.dir = C:\Users\Dell\jboss-as-7.1.0.Final\standalone\data
	jboss.server.deploy.dir = C:\Users\Dell\jboss-as-7.1.0.Final\standalone\data\content
	jboss.server.log.dir = C:\Users\Dell\jboss-as-7.1.0.Final\standalone\log
	jboss.server.name = dell-pc
	jboss.server.temp.dir = C:\Users\Dell\jboss-as-7.1.0.Final\standalone\tmp
	line.separator = 

	logging.configuration = file:/C:/Users/Dell/jboss-as-7.1.0.Final/standalone/configuration/logging.properties
	module.path = C:/Users/Dell/jboss-as-7.1.0.Final/modules
	org.jboss.boot.log.file = C:/Users/Dell/jboss-as-7.1.0.Final/standalone/log/boot.log
	org.jboss.resolver.warning = true
	org.xml.sax.driver = __redirected.__XMLReaderFactory
	os.arch = x86
	os.name = Windows 7
	os.version = 6.1
	path.separator = ;
	program.name = JBossTools: JBoss AS 7.1
	sun.arch.data.model = 32
	sun.boot.class.path = C:\Program Files\Java\jdk1.7\jre\lib\resources.jar;C:\Program Files\Java\jdk1.7\jre\lib\rt.jar;C:\Program Files\Java\jdk1.7\jre\lib\sunrsasign.jar;C:\Program Files\Java\jdk1.7\jre\lib\jsse.jar;C:\Program Files\Java\jdk1.7\jre\lib\jce.jar;C:\Program Files\Java\jdk1.7\jre\lib\charsets.jar;C:\Program Files\Java\jdk1.7\jre\lib\jfr.jar;C:\Program Files\Java\jdk1.7\jre\classes
	sun.boot.library.path = C:\Program Files\Java\jdk1.7\jre\bin
	sun.cpu.endian = little
	sun.cpu.isalist = pentium_pro+mmx pentium_pro pentium+mmx pentium i486 i386 i86
	sun.desktop = windows
	sun.io.unicode.encoding = UnicodeLittle
	sun.java.command = org.jboss.modules.Main -mp C:/Users/Dell/jboss-as-7.1.0.Final/modules -jaxpmodule javax.xml.jaxp-provider -jaxpmodule javax.xml.jaxp-provider org.jboss.as.standalone -b localhost --server-config=standalone.xml -Djboss.server.base.dir=C:\Users\Dell\jboss-as-7.1.0.Final\standalone
	sun.java.launcher = SUN_STANDARD
	sun.jnu.encoding = Cp1252
	sun.management.compiler = HotSpot Tiered Compilers
	sun.os.patch.level = Service Pack 1
	sun.rmi.dgc.client.gcInterval = 3600000
	sun.rmi.dgc.server.gcInterval = 3600000
	user.country = US
	user.dir = C:\Users\Dell\jboss-as-7.1.0.Final\bin
	user.home = C:\Users\Dell
	user.language = en
	user.name = Dell
	user.script = 
	user.timezone = Asia/Calcutta
	user.variant = 
14:30:14,829 DEBUG [org.jboss.as.config] VM Arguments: -agentlib:jdwp=transport=dt_socket,suspend=y,address=localhost:54842 -Dprogram.name=JBossTools: JBoss AS 7.1 -Xms64m -Xmx512m -XX:MaxPermSize=256m -Dorg.jboss.resolver.warning=true -Djava.net.preferIPv4Stack=true -Dsun.rmi.dgc.client.gcInterval=3600000 -Dsun.rmi.dgc.server.gcInterval=3600000 -Djboss.modules.system.pkgs=org.jboss.byteman -Djava.awt.headless=true -Dorg.jboss.boot.log.file=C:/Users/Dell/jboss-as-7.1.0.Final/standalone/log/boot.log -Dlogging.configuration=file:/C:/Users/Dell/jboss-as-7.1.0.Final/standalone/configuration/logging.properties -Djboss.home.dir=C:/Users/Dell/jboss-as-7.1.0.Final -Djboss.bind.address.management=localhost -Dfile.encoding=Cp1252 -Xmx1g -Xms1g 
14:30:17,513 INFO  [org.xnio] XNIO Version 3.0.3.GA
14:30:17,515 INFO  [org.jboss.as.server] JBAS015888: Creating http management service using socket-binding (management-http)
14:30:17,537 INFO  [org.xnio.nio] XNIO NIO Implementation Version 3.0.3.GA
14:30:17,557 INFO  [org.jboss.remoting] JBoss Remoting version 3.2.2.GA
14:30:17,608 INFO  [org.jboss.as.logging] JBAS011502: Removing bootstrap log handlers
